{
  message: 'Listening on port 3000 at 12:18:55',
  level: 'warn',
  timestamp: '2023-10-19T10:18:55.711Z'
}
{
  message: 'Listening on port 3000',
  level: 'warn',
  timestamp: '2023-10-19T10:19:21.049Z'
}
{
  message: 'Listening on port 3000',
  level: 'warn',
  timestamp: '2023-10-19T10:20:32.010Z'
}
{
  message: 'Listening on port 3000',
  level: 'warn',
  timestamp: '2023-10-19T10:21:12.732Z'
}
{
  message: 'Listening on port 3000',
  level: 'warn',
  timestamp: '2023-10-19T10:23:03.168Z'
}
{
  message: 'Not implemented',
  level: 'error',
  timestamp: '2023-10-19T10:23:09.111Z'
}
